<?xml version="1.0" encoding="UTF-8"?>
<!-- Generated by org.testng.reporters.JUnitReportReporter -->
<testsuite hostname="DESKTOP-OOUJMJK" failures="0" tests="1" name="com.automationpractice.HoverOver" time="6.081" errors="0" timestamp="2021-05-19T23:28:29 EDT" skipped="0">
  <testcase classname="com.automationpractice.HoverOver" name="womenHoverOver" time="6.081"/>
  <system-out/>
</testsuite> <!-- com.automationpractice.HoverOver -->
