<?xml version="1.0" encoding="UTF-8"?>
<!-- Generated by org.testng.reporters.JUnitReportReporter -->
<testsuite hostname="DESKTOP-OOUJMJK" failures="0" tests="1" name="com.automationpractice.Homepage" time="35.259" errors="0" timestamp="2021-05-19T11:12:06 EDT" skipped="0">
  <testcase classname="com.automationpractice.Homepage" name="homepageview" time="35.259"/>
  <system-out/>
</testsuite> <!-- com.automationpractice.Homepage -->
